Arguments: 
  /usr/local/bin/node /usr/local/bin/yarn add typescript

PATH: 
  /Users/dannygeisz/.local/share/solana/install/active_release/bin:/Users/dannygeisz/.elan/bin:/opt/homebrew/bin:/opt/homebrew/sbin:/usr/local/bin:/usr/bin:/bin:/usr/sbin:/sbin:/Users/dannygeisz/rrp/solana/bin:/usr/local/share/dotnet:~/.dotnet/tools:/Library/Apple/usr/bin:/Library/Frameworks/Mono.framework/Versions/Current/Commands:/Users/dannygeisz/.cargo/bin:/Users/dannygeisz/Library/Android/sdk/platform-tools

Yarn version: 
  1.22.10

Node version: 
  16.13.1

Platform: 
  darwin arm64

Trace: 
  SyntaxError: /Users/dannygeisz/rrp/cubed/server/package.json: Unexpected end of JSON input
      at JSON.parse (<anonymous>)
      at /usr/local/lib/node_modules/yarn/lib/cli.js:1625:59
      at Generator.next (<anonymous>)
      at step (/usr/local/lib/node_modules/yarn/lib/cli.js:310:30)
      at /usr/local/lib/node_modules/yarn/lib/cli.js:321:13

npm manifest: 
  

yarn manifest: 
  No manifest

Lockfile: 
  No lockfile
